#
# A fatal error has been detected by the Java Runtime Environment:
#
#  Internal Error (javaCalls.cpp:59), pid=6113, tid=1687362416
#  guarantee(thread->is_Java_thread()) failed: crucial check - the VM thread cannot and must not escape to Java code
#
# JRE version: 6.0_24-b24
# Java VM: OpenJDK Server VM (20.0-b12 mixed mode linux-x86 )
# Derivative: IcedTea6 1.11.1
# Distribution: Debian GNU/Linux unstable (sid), package 6b24-1.11.1-6
# If you would like to submit a bug report, please include
# instructions how to reproduce the bug and visit:
#   http://icedtea.classpath.org/bugzilla
#

---------------  T H R E A D  ---------------

Current thread (0x0990a000):  GCTaskThread [stack: 0x648b1000,0x64932000] [id=6118]

Stack: [0x648b1000,0x64932000]
[error occurred during error reporting (printing stack bounds), id 0xb]


[error occurred during error reporting (printing native stack), id 0xb]


---------------  P R O C E S S  ---------------

Java Threads: ( => current thread )
  0x647de000 JavaThread "Low Memory Detector" daemon [_thread_blocked, id=6126, stack(0x64087000,0x640d8000)]
  0x647dc000 JavaThread "C2 CompilerThread1" daemon [_thread_blocked, id=6125, stack(0x640d8000,0x64159000)]
  0x647da000 JavaThread "C2 CompilerThread0" daemon [_thread_blocked, id=6124, stack(0x64159000,0x641da000)]
  0x647d9000 JavaThread "Attach Listener" daemon [_thread_blocked, id=6123, stack(0x641da000,0x6422b000)]
  0x64780400 JavaThread "Finalizer" daemon [_thread_blocked, id=6122, stack(0x6441a000,0x6446b000)]
  0x6477f000 JavaThread "Reference Handler" daemon [_thread_blocked, id=6121, stack(0x6446b000,0x644bc000)]
  0x0994cc00 JavaThread "main" [_thread_in_native, id=6113, stack(0xbfcdc000,0xbfd2c000)]

Other Threads:
  0x6477b000 VMThread [stack: 0x644bc000,0x6453d000] [id=6120]
  0x647e0000 WatcherThread [stack: 0x64006000,0x64087000] [id=6127]

=>0x0990a000 (exited) GCTaskThread [stack: 0x648b1000,0x64932000] [id=6118]

VM state:not at safepoint (normal execution)

VM Mutex/Monitor currently owned by a thread: None

Heap
 PSYoungGen      total 18880K, used 654K [0x97100000, 0x98610000, 0xac300000)
  eden space 16192K, 4% used [0x97100000,0x971a3ae0,0x980d0000)
  from space 2688K, 0% used [0x98370000,0x98370000,0x98610000)
  to   space 2688K, 0% used [0x980d0000,0x980d0000,0x98370000)
 PSOldGen        total 43264K, used 0K [0x6cd00000, 0x6f740000, 0x97100000)
  object space 43264K, 0% used [0x6cd00000,0x6cd00000,0x6f740000)
 PSPermGen       total 16384K, used 2401K [0x64d00000, 0x65d00000, 0x6cd00000)
  object space 16384K, 14% used [0x64d00000,0x64f586f8,0x65d00000)

Code Cache  [0xac3c3000, 0xac603000, 0xaf3c3000)
 total_blobs=93 nmethods=0 adapters=61 free_code_cache=50038080 largest_free_block=0

Dynamic libraries:
08048000-08049000 r-xp 00000000 08:11 3219497    /usr/bin/octave
08049000-0804a000 r--p 00000000 08:11 3219497    /usr/bin/octave
0804a000-0804b000 rw-p 00001000 08:11 3219497    /usr/bin/octave
092da000-09976000 rw-p 00000000 00:00 0          [heap]
63987000-639e6000 r-xp 00000000 08:11 3925893    /usr/lib/i386-linux-gnu/libgmp.so.10.0.5
639e6000-639ed000 rw-p 0005e000 08:11 3925893    /usr/lib/i386-linux-gnu/libgmp.so.10.0.5
639ed000-63b79000 r-xp 00000000 08:11 3225117    /usr/lib/libcln.so.6.0.2
63b79000-63b81000 rw-p 0018c000 08:11 3225117    /usr/lib/libcln.so.6.0.2
63b81000-63b83000 rw-p 00000000 00:00 0 
63b83000-63e35000 r-xp 00000000 08:11 1147292    /usr/lib/libginac.so.2.1.0
63e35000-63e3d000 rw-p 002b1000 08:11 1147292    /usr/lib/libginac.so.2.1.0
63e3d000-63e3e000 rw-p 00000000 00:00 0 
63e71000-63efc000 r-xp 00000000 08:11 4259907    /usr/lib/i386-linux-gnu/octave/packages/symbolic-1.1.0/i486-pc-linux-gnu-api-v48+/symbols.oct
63efc000-63efd000 ---p 0008b000 08:11 4259907    /usr/lib/i386-linux-gnu/octave/packages/symbolic-1.1.0/i486-pc-linux-gnu-api-v48+/symbols.oct
63efd000-63eff000 r--p 0008b000 08:11 4259907    /usr/lib/i386-linux-gnu/octave/packages/symbolic-1.1.0/i486-pc-linux-gnu-api-v48+/symbols.oct
63eff000-63f00000 rw-p 0008d000 08:11 4259907    /usr/lib/i386-linux-gnu/octave/packages/symbolic-1.1.0/i486-pc-linux-gnu-api-v48+/symbols.oct
63f00000-63ff2000 rw-p 00000000 00:00 0 
63ff2000-64000000 ---p 00000000 00:00 0 
64006000-64007000 ---p 00000000 00:00 0 
64007000-64087000 rw-p 00000000 00:00 0 
64087000-6408a000 ---p 00000000 00:00 0 
6408a000-640d8000 rw-p 00000000 00:00 0 
640d8000-640db000 ---p 00000000 00:00 0 
640db000-64159000 rw-p 00000000 00:00 0 
64159000-6415c000 ---p 00000000 00:00 0 
6415c000-641da000 rw-p 00000000 00:00 0 
641da000-641dd000 ---p 00000000 00:00 0 
641dd000-6422b000 rw-p 00000000 00:00 0 
6422b000-6441a000 r--p 00000000 08:11 3237032    /usr/lib/locale/locale-archive
6441a000-6441d000 ---p 00000000 00:00 0 
6441d000-6446b000 rw-p 00000000 00:00 0 
6446b000-6446e000 ---p 00000000 00:00 0 
6446e000-644bc000 rw-p 00000000 00:00 0 
644bc000-644bd000 ---p 00000000 00:00 0 
644bd000-64570000 rw-p 00000000 00:00 0 
64570000-64700000 r--s 037ba000 08:11 3457411    /usr/lib/jvm/java-6-openjdk-i386/jre/lib/rt.jar
64700000-64800000 rw-p 00000000 00:00 0 
64830000-64831000 ---p 00000000 00:00 0 
64831000-648b1000 rw-p 00000000 00:00 0 
648b1000-648b2000 ---p 00000000 00:00 0 
648b2000-6493a000 rw-p 00000000 00:00 0 
6493a000-64972000 rw-p 00000000 00:00 0 
64972000-64988000 rw-p 00000000 00:00 0 
64988000-64ac4000 rw-p 00000000 00:00 0 
64ac4000-64acc000 rw-p 00000000 00:00 0 
64acc000-64b04000 rw-p 00000000 00:00 0 
64b04000-64b1a000 rw-p 00000000 00:00 0 
64b1a000-64c56000 rw-p 00000000 00:00 0 
64c56000-64c61000 rw-p 00000000 00:00 0 
64c61000-64cff000 rw-p 00000000 00:00 0 
64cff000-65d00000 rw-p 00000000 00:00 0 
65d00000-6cd00000 rw-p 00000000 00:00 0 
6cd00000-6f740000 rw-p 00000000 00:00 0 
6f740000-97100000 rw-p 00000000 00:00 0 
97100000-98610000 rw-p 00000000 00:00 0 
98610000-ac300000 rw-p 00000000 00:00 0 
ac303000-ac30c000 rw-p 00000000 00:00 0 
ac30c000-ac3c3000 rw-p 00000000 00:00 0 
ac3c3000-ac603000 rwxp 00000000 00:00 0 
ac603000-af3c3000 rw-p 00000000 00:00 0 
af3c3000-af3cb000 rw-s 00000000 00:13 21131      /tmp/hsperfdata_wolfo/6113
af3cb000-af3f2000 r-xp 00000000 08:11 3458977    /usr/lib/jvm/java-6-openjdk-i386/jre/lib/i386/libjava.so
af3f2000-af3f4000 rw-p 00027000 08:11 3458977    /usr/lib/jvm/java-6-openjdk-i386/jre/lib/i386/libjava.so
af3f4000-af401000 r-xp 00000000 08:11 3458965    /usr/lib/jvm/java-6-openjdk-i386/jre/lib/i386/libverify.so
af401000-af402000 rw-p 0000c000 08:11 3458965    /usr/lib/jvm/java-6-openjdk-i386/jre/lib/i386/libverify.so
af402000-afc24000 r-xp 00000000 08:11 4131458    /usr/lib/jvm/java-6-openjdk-i386/jre/lib/i386/server/libjvm.so
afc24000-afc78000 rw-p 00821000 08:11 4131458    /usr/lib/jvm/java-6-openjdk-i386/jre/lib/i386/server/libjvm.so
afc78000-b0092000 rw-p 00000000 00:00 0 
b0092000-b00b5000 r-xp 00000000 08:11 4253940    /usr/lib/i386-linux-gnu/octave/packages/java-1.2.8/i486-pc-linux-gnu-api-v48+/__java__.oct
b00b5000-b00b6000 r--p 00022000 08:11 4253940    /usr/lib/i386-linux-gnu/octave/packages/java-1.2.8/i486-pc-linux-gnu-api-v48+/__java__.oct
b00b6000-b00b7000 rw-p 00023000 08:11 4253940    /usr/lib/i386-linux-gnu/octave/packages/java-1.2.8/i486-pc-linux-gnu-api-v48+/__java__.oct
b00b7000-b00c0000 r-xp 00000000 08:11 4254255    /usr/lib/i386-linux-gnu/octave/3.6.1/oct/i486-pc-linux-gnu/__dispatch__.oct
b00c0000-b00c1000 r--p 00008000 08:11 4254255    /usr/lib/i386-linux-gnu/octave/3.6.1/oct/i486-pc-linux-gnu/__dispatch__.oct
b00c1000-b00c2000 rw-p 00009000 08:11 4254255    /usr/lib/i386-linux-gnu/octave/3.6.1/oct/i486-pc-linux-gnu/__dispatch__.oct
b00c8000-b00d5000 r-xp 00000000 08:11 4251758    /usr/lib/i386-linux-gnu/octave/3.6.1/oct/i486-pc-linux-gnu/lookup.oct
b00d5000-b00d6000 r--p 0000c000 08:11 4251758    /usr/lib/i386-linux-gnu/octave/3.6.1/oct/i486-pc-linux-gnu/lookup.oct
b00d6000-b00d7000 rw-p 0000d000 08:11 4251758    /usr/lib/i386-linux-gnu/octave/3.6.1/oct/i486-pc-linux-gnu/lookup.oct
b00ed000-b00ef000 rw-p 00000000 00:00 0 
b00ef000-b00fa000 r-xp 00000000 08:11 4253212    /usr/lib/i386-linux-gnu/octave/3.6.1/oct/i486-pc-linux-gnu/time.oct
b00fa000-b00fb000 r--p 0000a000 08:11 4253212    /usr/lib/i386-linux-gnu/octave/3.6.1/oct/i486-pc-linux-gnu/time.oct
b00fb000-b00fc000 rw-p 0000b000 08:11 4253212    /usr/lib/i386-linux-gnu/octave/3.6.1/oct/i486-pc-linux-gnu/time.oct
b00fc000-b0103000 r--s 00000000 08:11 3925651    /usr/lib/i386-linux-gnu/gconv/gconv-modules.cache
b0103000-b0106000 r--s 0007d000 08:11 4131461    /usr/lib/jvm/java-6-openjdk-common/jre/lib/jsse.jar
b0106000-b0107000 r--s 00007000 08:11 4253964    /usr/share/octave/packages/java-1.2.8/octave.jar
b0107000-b2108000 rw-p 00000000 00:00 0 
b2108000-b2111000 r-xp 00000000 08:11 4254926    /usr/lib/i386-linux-gnu/octave/3.6.1/oct/i486-pc-linux-gnu/strfind.oct
b2111000-b2112000 r--p 00008000 08:11 4254926    /usr/lib/i386-linux-gnu/octave/3.6.1/oct/i486-pc-linux-gnu/strfind.oct
b2112000-b2113000 rw-p 00009000 08:11 4254926    /usr/lib/i386-linux-gnu/octave/3.6.1/oct/i486-pc-linux-gnu/strfind.oct
b2113000-b2132000 r-xp 00000000 08:11 4252398    /usr/lib/i386-linux-gnu/octave/3.6.1/oct/i486-pc-linux-gnu/max.oct
b2132000-b2133000 r--p 0001e000 08:11 4252398    /usr/lib/i386-linux-gnu/octave/3.6.1/oct/i486-pc-linux-gnu/max.oct
b2133000-b2134000 rw-p 0001f000 08:11 4252398    /usr/lib/i386-linux-gnu/octave/3.6.1/oct/i486-pc-linux-gnu/max.oct
b2134000-b2178000 r-xp 00000000 08:11 4254237    /usr/lib/i386-linux-gnu/octave/3.6.1/oct/i486-pc-linux-gnu/cellfun.oct
b2178000-b2179000 r--p 00043000 08:11 4254237    /usr/lib/i386-linux-gnu/octave/3.6.1/oct/i486-pc-linux-gnu/cellfun.oct
b2179000-b217a000 rw-p 00044000 08:11 4254237    /usr/lib/i386-linux-gnu/octave/3.6.1/oct/i486-pc-linux-gnu/cellfun.oct
b217a000-b218f000 r-xp 00000000 08:11 4252301    /usr/lib/i386-linux-gnu/octave/3.6.1/oct/i486-pc-linux-gnu/find.oct
b218f000-b2190000 r--p 00014000 08:11 4252301    /usr/lib/i386-linux-gnu/octave/3.6.1/oct/i486-pc-linux-gnu/find.oct
b2190000-b2191000 rw-p 00015000 08:11 4252301    /usr/lib/i386-linux-gnu/octave/3.6.1/oct/i486-pc-linux-gnu/find.oct
b2191000-b2195000 r--s 00038000 08:11 4424109    /usr/lib/jvm/java-6-openjdk-common/jre/lib/ext/sunpkcs11.jar
b2195000-b2198000 r--s 00031000 08:11 4424244    /usr/lib/jvm/java-6-openjdk-common/jre/lib/ext/sunjce_provider.jar
b2198000-b222b000 rw-p 00000000 00:00 0 
b222b000-b2234000 r-xp 00000000 08:11 5292057    /lib/i386-linux-gnu/i686/cmov/libnss_nis-2.13.so
b2234000-b2235000 r--p 00008000 08:11 5292057    /lib/i386-linux-gnu/i686/cmov/libnss_nis-2.13.so
b2235000-b2236000 rw-p 00009000 08:11 5292057    /lib/i386-linux-gnu/i686/cmov/libnss_nis-2.13.so
b2236000-b2238000 r--s 00001000 08:11 4423760    /usr/lib/jvm/java-6-openjdk-common/jre/lib/ext/dnsns.jar
b2238000-b2239000 rw-p 00000000 00:00 0 
b2239000-b223a000 r--p 00000000 00:00 0 
b223a000-b2263000 rw-p 00000000 00:00 0 
b2263000-b2264000 r--s 00007000 08:11 3244494    /usr/share/java/java-atk-wrapper.jar
b2264000-b2266000 r--s 0000f000 08:11 4424243    /usr/lib/jvm/java-6-openjdk-common/jre/lib/ext/pulse-java.jar
b2266000-b2269000 r--s 00077000 08:11 4424314    /usr/lib/jvm/java-6-openjdk-common/jre/lib/ext/localedata.jar
b2269000-b2270000 rw-p 00000000 00:00 0 
b2270000-b2275000 r-xp 00000000 08:11 3924297    /usr/lib/i386-linux-gnu/libXdmcp.so.6.0.0
b2275000-b2276000 rw-p 00004000 08:11 3924297    /usr/lib/i386-linux-gnu/libXdmcp.so.6.0.0
b2276000-b2278000 r-xp 00000000 08:11 3925896    /usr/lib/i386-linux-gnu/libXau.so.6.0.0
b2278000-b2279000 rw-p 00001000 08:11 3925896    /usr/lib/i386-linux-gnu/libXau.so.6.0.0
b2279000-b2281000 r-xp 00000000 08:11 3924658    /usr/lib/i386-linux-gnu/libXrender.so.1.3.0
b2281000-b2282000 rw-p 00008000 08:11 3924658    /usr/lib/i386-linux-gnu/libXrender.so.1.3.0
b2282000-b2283000 rw-p 00000000 00:00 0 
b2283000-b22a4000 r-xp 00000000 08:11 3924068    /usr/lib/i386-linux-gnu/libxcb.so.1.1.0
b22a4000-b22a5000 r--p 00020000 08:11 3924068    /usr/lib/i386-linux-gnu/libxcb.so.1.1.0
b22a5000-b22a6000 rw-p 00021000 08:11 3924068    /usr/lib/i386-linux-gnu/libxcb.so.1.1.0
b22a6000-b22cc000 r-xp 00000000 08:11 5267531    /lib/i386-linux-gnu/libexpat.so.1.6.0
b22cc000-b22cd000 ---p 00026000 08:11 5267531    /lib/i386-linux-gnu/libexpat.so.1.6.0
b22cd000-b22cf000 r--p 00026000 08:11 5267531    /lib/i386-linux-gnu/libexpat.so.1.6.0
b22cf000-b22d0000 rw-p 00028000 08:11 5267531    /lib/i386-linux-gnu/libexpat.so.1.6.0
b22d0000-b22d2000 r-xp 00000000 08:11 3925545    /usr/lib/i386-linux-gnu/libXinerama.so.1.0.0
b22d2000-b22d3000 rw-p 00001000 08:11 3925545    /usr/lib/i386-linux-gnu/libXinerama.so.1.0.0
b22d3000-b22e7000 r-xp 00000000 08:11 3926156    /usr/lib/i386-linux-gnu/libXft.so.2.2.0
b22e7000-b22e8000 rw-p 00013000 08:11 3926156    /usr/lib/i386-linux-gnu/libXft.so.2.2.0
b22e8000-b22e9000 rw-p 00000000 00:00 0 
b22e9000-b22f0000 r-xp 00000000 08:11 5292340    /lib/i386-linux-gnu/i686/cmov/librt-2.13.so
b22f0000-b22f1000 r--p 00006000 08:11 5292340    /lib/i386-linux-gnu/i686/cmov/librt-2.13.so
b22f1000-b22f2000 rw-p 00007000 08:11 5292340    /lib/i386-linux-gnu/i686/cmov/librt-2.13.so
b22f2000-b22f4000 r-xp 00000000 08:11 5292309    /lib/i386-linux-gnu/i686/cmov/libdl-2.13.so
b22f4000-b22f5000 r--p 00001000 08:11 5292309    /lib/i386-linux-gnu/i686/cmov/libdl-2.13.so
b22f5000-b22f6000 rw-p 00002000 08:11 5292309    /lib/i386-linux-gnu/i686/cmov/libdl-2.13.so
b22f6000-b2307000 r-xp 00000000 08:11 3924263    /usr/lib/i386-linux-gnu/libXext.so.6.4.0
b2307000-b2308000 rw-p 00010000 08:11 3924263    /usr/lib/i386-linux-gnu/libXext.so.6.4.0
b2308000-b3edf000 r-xp 00000000 08:11 3925335    /usr/lib/i386-linux-gnu/libnvidia-glcore.so.295.49
b3edf000-b3f42000 rwxp 01bd6000 08:11 3925335    /usr/lib/i386-linux-gnu/libnvidia-glcore.so.295.49
b3f42000-b3f55000 rwxp 00000000 00:00 0 
b3f55000-b3f58000 r-xp 00000000 08:11 4096041    /usr/lib/i386-linux-gnu/tls/libnvidia-tls.so.295.49
b3f58000-b3f59000 rw-p 00002000 08:11 4096041    /usr/lib/i386-linux-gnu/tls/libnvidia-tls.so.295.49
b3f59000-b3f5a000 rw-p 00000000 00:00 0 
b3f5a000-b3fd0000 r-xp 00000000 08:11 3924494    /usr/lib/i386-linux-gnu/libquadmath.so.0.0.0
b3fd0000-b3fd1000 rw-p 00075000 08:11 3924494    /usr/lib/i386-linux-gnu/libquadmath.so.0.0.0
b3fd1000-b40ca000 r-xp 00000000 08:11 3924493    /usr/lib/i386-linux-gnu/libgfortran.so.3.0.0
b40ca000-b40cb000 rw-p 000f9000 08:11 3924493    /usr/lib/i386-linux-gnu/libgfortran.so.3.0.0
b40cb000-b4108000 r-xp 00000000 08:11 5267774    /lib/i386-linux-gnu/libpcre.so.3.13.1
b4108000-b4109000 rw-p 0003c000 08:11 5267774    /lib/i386-linux-gnu/libpcre.so.3.13.1
b4109000-b4126000 r-xp 00000000 08:11 5267684    /lib/i386-linux-gnu/libtinfo.so.5.9
b4126000-b4128000 r--p 0001c000 08:11 5267684    /lib/i386-linux-gnu/libtinfo.so.5.9
b4128000-b4129000 rw-p 0001e000 08:11 5267684    /lib/i386-linux-gnu/libtinfo.so.5.9
b4129000-b414b000 r-xp 00000000 08:11 5267721    /lib/i386-linux-gnu/libncurses.so.5.9
b414b000-b414c000 r--p 00021000 08:11 5267721    /lib/i386-linux-gnu/libncurses.so.5.9
b414c000-b414d000 rw-p 00022000 08:11 5267721    /lib/i386-linux-gnu/libncurses.so.5.9
b414d000-b4184000 r-xp 00000000 08:11 5268041    /lib/i386-linux-gnu/libreadline.so.6.2
b4184000-b4185000 ---p 00037000 08:11 5268041    /lib/i386-linux-gnu/libreadline.so.6.2
b4185000-b4186000 r--p 00037000 08:11 5268041    /lib/i386-linux-gnu/libreadline.so.6.2
b4186000-b4189000 rw-p 00038000 08:11 5268041    /lib/i386-linux-gnu/libreadline.so.6.2
b4189000-b418c000 rw-p 00000000 00:00 0 
b418c000-b4491000 r-xp 00000000 08:11 3531283    /usr/lib/atlas-base/atlas/libblas.so.3gf.0
b4491000-b4495000 rw-p 00305000 08:11 3531283    /usr/lib/atlas-base/atlas/libblas.so.3gf.0
b4495000-b4bb7000 r-xp 00000000 08:11 3531282    /usr/lib/atlas-base/atlas/liblapack.so.3gf.0
b4bb7000-b4bba000 rw-p 00721000 08:11 3531282    /usr/lib/atlas-base/atlas/liblapack.so.3gf.0
b4bba000-b4cc8000 rw-p 00000000 00:00 0 
b4cc8000-b4e11000 r-xp 00000000 08:11 3222695    /usr/lib/libfftw3f.so.3.3.0
b4e11000-b4e1a000 rw-p 00148000 08:11 3222695    /usr/lib/libfftw3f.so.3.3.0
b4e1a000-b4f70000 r-xp 00000000 08:11 1147678    /usr/lib/libfftw3.so.3.3.0
b4f70000-b4f79000 rw-p 00155000 08:11 1147678    /usr/lib/libfftw3.so.3.3.0
b4f79000-b4f9f000 r-xp 00000000 08:11 1147233    /usr/lib/libqrupdate.so.1.1
b4f9f000-b4fa0000 rw-p 00026000 08:11 1147233    /usr/lib/libqrupdate.so.1.1
b4fa0000-b4fa1000 rw-p 00000000 00:00 0 
b4fa1000-b4fef000 r-xp 00000000 08:11 1146980    /usr/lib/libarpack.so.2.0.0
b4fef000-b4ff0000 rw-p 0004e000 08:11 1146980    /usr/lib/libarpack.so.2.0.0
b4ff0000-b501b000 r-xp 00000000 08:11 1147205    /usr/lib/libcxsparse.so.2.2.3
b501b000-b501c000 rw-p 0002a000 08:11 1147205    /usr/lib/libcxsparse.so.2.2.3
b501c000-b5025000 r-xp 00000000 08:11 1147096    /usr/lib/libccolamd.so.2.7.1
b5025000-b5026000 rw-p 00008000 08:11 1147096    /usr/lib/libccolamd.so.2.7.1
b5026000-b502c000 r-xp 00000000 08:11 3225621    /usr/lib/libcolamd.so.2.7.1
b502c000-b502d000 rw-p 00005000 08:11 3225621    /usr/lib/libcolamd.so.2.7.1
b502d000-b5034000 r-xp 00000000 08:11 1147084    /usr/lib/libcamd.so.2.2.0
b5034000-b5035000 rw-p 00007000 08:11 1147084    /usr/lib/libcamd.so.2.2.0
b5035000-b5036000 rw-p 00000000 00:00 0 
b5036000-b503d000 r-xp 00000000 08:11 1146898    /usr/lib/libamd.so.2.2.0
b503d000-b503e000 rw-p 00006000 08:11 1146898    /usr/lib/libamd.so.2.2.0
b503e000-b50db000 r-xp 00000000 08:11 1147243    /usr/lib/libumfpack.so.5.4.0
b50db000-b50dc000 rw-p 0009c000 08:11 1147243    /usr/lib/libumfpack.so.5.4.0
b50dc000-b519c000 r-xp 00000000 08:11 1147185    /usr/lib/libcholmod.so.1.7.1
b519c000-b519d000 rw-p 000bf000 08:11 1147185    /usr/lib/libcholmod.so.1.7.1
b519d000-b51b9000 r-xp 00000000 08:11 5267695    /lib/i386-linux-gnu/libgcc_s.so.1
b51b9000-b51ba000 rw-p 0001b000 08:11 5267695    /lib/i386-linux-gnu/libgcc_s.so.1
b51ba000-b529a000 r-xp 00000000 08:11 3924313    /usr/lib/i386-linux-gnu/libstdc++.so.6.0.17
b529a000-b529e000 r--p 000e0000 08:11 3924313    /usr/lib/i386-linux-gnu/libstdc++.so.6.0.17
b529e000-b529f000 rw-p 000e4000 08:11 3924313    /usr/lib/i386-linux-gnu/libstdc++.so.6.0.17
b529f000-b52a7000 rw-p 00000000 00:00 0 
b52a7000-b52b8000 r-xp 00000000 08:11 1147214    /usr/lib/libgl2ps.so.0.0.0
b52b8000-b52b9000 rw-p 00010000 08:11 1147214    /usr/lib/libgl2ps.so.0.0.0
b52b9000-b53ee000 r-xp 00000000 08:11 3924603    /usr/lib/i386-linux-gnu/libX11.so.6.3.0
b53ee000-b53f2000 rw-p 00134000 08:11 3924603    /usr/lib/i386-linux-gnu/libX11.so.6.3.0
b53f2000-b5463000 r-xp 00000000 08:11 3924114    /usr/lib/i386-linux-gnu/libGLU.so.1.3.071100
b5463000-b5464000 rw-p 00070000 08:11 3924114    /usr/lib/i386-linux-gnu/libGLU.so.1.3.071100
b5464000-b5498000 r-xp 00000000 08:11 3924523    /usr/lib/i386-linux-gnu/libfontconfig.so.1.5.0
b5498000-b5499000 r--p 00034000 08:11 3924523    /usr/lib/i386-linux-gnu/libfontconfig.so.1.5.0
b5499000-b549a000 rw-p 00035000 08:11 3924523    /usr/lib/i386-linux-gnu/libfontconfig.so.1.5.0
b549a000-b54b0000 r-xp 00000000 08:11 3924069    /usr/lib/i386-linux-gnu/libz.so.1.2.7
b54b0000-b54b1000 rw-p 00015000 08:11 3924069    /usr/lib/i386-linux-gnu/libz.so.1.2.7
b54b1000-b54b2000 rw-p 00000000 00:00 0 
b54b2000-b5791000 r-xp 00000000 08:11 1147434    /usr/lib/libhdf5.so.7.0.2
b5791000-b5797000 rw-p 002de000 08:11 1147434    /usr/lib/libhdf5.so.7.0.2
b5797000-b5798000 rw-p 00000000 00:00 0 
b5798000-b582f000 r-xp 00000000 08:11 3924469    /usr/lib/i386-linux-gnu/libfreetype.so.6.8.1
b582f000-b5833000 r--p 00096000 08:11 3924469    /usr/lib/i386-linux-gnu/libfreetype.so.6.8.1
b5833000-b5834000 rw-p 0009a000 08:11 3924469    /usr/lib/i386-linux-gnu/libfreetype.so.6.8.1
b5834000-b58d7000 r-xp 00000000 08:11 3924615    /usr/lib/i386-linux-gnu/libfltk.so.1.1
b58d7000-b58da000 r--p 000a3000 08:11 3924615    /usr/lib/i386-linux-gnu/libfltk.so.1.1
b58da000-b58dd000 rw-p 000a6000 08:11 3924615    /usr/lib/i386-linux-gnu/libfltk.so.1.1
b58dd000-b58e0000 rw-p 00000000 00:00 0 
b58e0000-b58f6000 r-xp 00000000 08:11 3924093    /usr/lib/i386-linux-gnu/libfltk_gl.so.1.1
b58f6000-b58f8000 r--p 00015000 08:11 3924093    /usr/lib/i386-linux-gnu/libfltk_gl.so.1.1
b58f8000-b58f9000 rw-p 00017000 08:11 3924093    /usr/lib/i386-linux-gnu/libfltk_gl.so.1.1
b58f9000-b5a4f000 r-xp 00000000 08:11 5292331    /lib/i386-linux-gnu/i686/cmov/libc-2.13.so
b5a4f000-b5a50000 ---p 00156000 08:11 5292331    /lib/i386-linux-gnu/i686/cmov/libc-2.13.so
b5a50000-b5a52000 r--p 00156000 08:11 5292331    /lib/i386-linux-gnu/i686/cmov/libc-2.13.so
b5a52000-b5a53000 rw-p 00158000 08:11 5292331    /lib/i386-linux-gnu/i686/cmov/libc-2.13.so
b5a53000-b5a57000 rw-p 00000000 00:00 0 
b5a57000-b5a6c000 r-xp 00000000 08:11 5292108    /lib/i386-linux-gnu/i686/cmov/libpthread-2.13.so
b5a6c000-b5a6d000 r--p 00014000 08:11 5292108    /lib/i386-linux-gnu/i686/cmov/libpthread-2.13.so
b5a6d000-b5a6e000 rw-p 00015000 08:11 5292108    /lib/i386-linux-gnu/i686/cmov/libpthread-2.13.so
b5a6e000-b5a70000 rw-p 00000000 00:00 0 
b5a70000-b5a7f000 r-xp 00000000 08:11 3924409    /usr/lib/i386-linux-gnu/libgomp.so.1.0.0
b5a7f000-b5a80000 rw-p 0000f000 08:11 3924409    /usr/lib/i386-linux-gnu/libgomp.so.1.0.0
b5a80000-b5aa4000 r-xp 00000000 08:11 5292326    /lib/i386-linux-gnu/i686/cmov/libm-2.13.so
b5aa4000-b5aa5000 r--p 00023000 08:11 5292326    /lib/i386-linux-gnu/i686/cmov/libm-2.13.so
b5aa5000-b5aa6000 rw-p 00024000 08:11 5292326    /lib/i386-linux-gnu/i686/cmov/libm-2.13.so
b5aa6000-b5b50000 r-xp 00000000 08:11 4171559    /usr/lib/i386-linux-gnu/nvidia/current/libGL.so.295.49
b5b50000-b5b6f000 rwxp 000aa000 08:11 4171559    /usr/lib/i386-linux-gnu/nvidia/current/libGL.so.295.49
b5b6f000-b5b7e000 rwxp 00000000 00:00 0 
b5b7e000-b5c15000 r-xp 00000000 08:11 3928484    /usr/lib/i386-linux-gnu/libcruft.so.1.0.0
b5c15000-b5c16000 r--p 00096000 08:11 3928484    /usr/lib/i386-linux-gnu/libcruft.so.1.0.0
b5c16000-b5c18000 rw-p 00097000 08:11 3928484    /usr/lib/i386-linux-gnu/libcruft.so.1.0.0
b5c18000-b5c1b000 rw-p 00000000 00:00 0 
b5c1b000-b6ab3000 r-xp 00000000 08:11 3928486    /usr/lib/i386-linux-gnu/liboctave.so.1.0.1
b6ab3000-b6abb000 r--p 00e97000 08:11 3928486    /usr/lib/i386-linux-gnu/liboctave.so.1.0.1
b6abb000-b6ac2000 rw-p 00e9f000 08:11 3928486    /usr/lib/i386-linux-gnu/liboctave.so.1.0.1
b6ac2000-b6ac7000 rw-p 00000000 00:00 0 
b6ac7000-b76a7000 r-xp 00000000 08:11 3928485    /usr/lib/i386-linux-gnu/liboctinterp.so.1.0.1
b76a7000-b76d2000 r--p 00bdf000 08:11 3928485    /usr/lib/i386-linux-gnu/liboctinterp.so.1.0.1
b76d2000-b76d3000 rw-p 00c0a000 08:11 3928485    /usr/lib/i386-linux-gnu/liboctinterp.so.1.0.1
b76d3000-b76d8000 rw-p 00000000 00:00 0 
b76d8000-b76e2000 r-xp 00000000 08:11 5292334    /lib/i386-linux-gnu/i686/cmov/libnss_files-2.13.so
b76e2000-b76e3000 r--p 00009000 08:11 5292334    /lib/i386-linux-gnu/i686/cmov/libnss_files-2.13.so
b76e3000-b76e4000 rw-p 0000a000 08:11 5292334    /lib/i386-linux-gnu/i686/cmov/libnss_files-2.13.so
b76e4000-b76f7000 r-xp 00000000 08:11 5292327    /lib/i386-linux-gnu/i686/cmov/libnsl-2.13.so
b76f7000-b76f8000 r--p 00012000 08:11 5292327    /lib/i386-linux-gnu/i686/cmov/libnsl-2.13.so
b76f8000-b76f9000 rw-p 00013000 08:11 5292327    /lib/i386-linux-gnu/i686/cmov/libnsl-2.13.so
b76f9000-b76fb000 rw-p 00000000 00:00 0 
b76fb000-b7701000 r-xp 00000000 08:11 5292325    /lib/i386-linux-gnu/i686/cmov/libnss_compat-2.13.so
b7701000-b7702000 r--p 00005000 08:11 5292325    /lib/i386-linux-gnu/i686/cmov/libnss_compat-2.13.so
b7702000-b7703000 rw-p 00006000 08:11 5292325    /lib/i386-linux-gnu/i686/cmov/libnss_compat-2.13.so
b7703000-b770a000 r-xp 00000000 08:11 3458992    /usr/lib/jvm/java-6-openjdk-i386/jre/lib/i386/libzip.so
b770a000-b770b000 rw-p 00007000 08:11 3458992    /usr/lib/jvm/java-6-openjdk-i386/jre/lib/i386/libzip.so
b770b000-b770d000 rw-p 00000000 00:00 0 
b770d000-b770e000 r-xp 00000000 00:00 0          [vdso]
b770e000-b771c000 r-xp 00000000 08:11 5268057    /lib/i386-linux-gnu/ld-2.13.so
b771c000-b771d000 --xp 0000e000 08:11 5268057    /lib/i386-linux-gnu/ld-2.13.so
b771d000-b7729000 r-xp 0000f000 08:11 5268057    /lib/i386-linux-gnu/ld-2.13.so
b7729000-b772a000 r--p 0001b000 08:11 5268057    /lib/i386-linux-gnu/ld-2.13.so
b772a000-b772b000 rw-p 0001c000 08:11 5268057    /lib/i386-linux-gnu/ld-2.13.so
bfcdc000-bfcdf000 ---p 00000000 00:00 0 
bfce0000-bfd2c000 rw-p 00000000 00:00 0          [stack]

VM Arguments:
jvm_args: -Doctave.java.path=/usr/lib/i386-linux-gnu/octave/packages/java-1.2.8/i486-pc-linux-gnu-api-v48+ -Xrs -Djava.system.class.loader=org.octave.OctClassLoader 
java_command: <unknown>
Launcher Type: generic

Environment Variables:
PATH=/home/wolfo/bin:/home/wolfo/bin:/usr/local/sbin:/usr/local/bin:/usr/sbin:/usr/bin:/sbin:/bin:/usr/X11R6/bin:/usr/local/qnx641/host/linux/x86/usr/bin:/etc/qnx/bin:/usr/games:/usr/lib/i386-linux-gnu/octave/3.6.1/site/exec/i486-pc-linux-gnu:/usr/lib/i386-linux-gnu/octave/api-v48+/site/exec/i486-pc-linux-gnu:/usr/lib/i386-linux-gnu/octave/site/exec/i486-pc-linux-gnu:/usr/lib/i386-linux-gnu/octave/3.6.1/exec/i486-pc-linux-gnu:/usr/bin
SHELL=/bin/bash
DISPLAY=:0

Signal Handlers:
SIGSEGV: [libjvm.so+0x679cd0], sa_mask[0]=0x7ffbfeff, sa_flags=0x10000004
SIGBUS: [libjvm.so+0x679cd0], sa_mask[0]=0x7ffbfeff, sa_flags=0x10000004
SIGFPE: [libjvm.so+0x541180], sa_mask[0]=0x7ffbfeff, sa_flags=0x10000004
SIGPIPE: [libjvm.so+0x541180], sa_mask[0]=0x7ffbfeff, sa_flags=0x10000004
SIGXFSZ: [libjvm.so+0x541180], sa_mask[0]=0x7ffbfeff, sa_flags=0x10000004
SIGILL: [libjvm.so+0x541180], sa_mask[0]=0x7ffbfeff, sa_flags=0x10000004
SIGUSR1: [liboctinterp.so.1+0x4e3ee0], sa_mask[0]=0x00000000, sa_flags=0x10000000
SIGUSR2: [libjvm.so+0x541020], sa_mask[0]=0x00000000, sa_flags=0x10000004
SIGHUP: [liboctinterp.so.1+0x4e3a10], sa_mask[0]=0x00000000, sa_flags=0x10000000
SIGINT: [liboctinterp.so.1+0x4e3ce0], sa_mask[0]=0x00000000, sa_flags=0x10000000
SIGTERM: [liboctinterp.so.1+0x4e3a10], sa_mask[0]=0x00000000, sa_flags=0x10000000
SIGQUIT: [liboctinterp.so.1+0x4e3ee0], sa_mask[0]=0x00000000, sa_flags=0x10000000


---------------  S Y S T E M  ---------------

OS:wheezy/sid

uname:Linux 3.2.0-2-686-pae #1 SMP Sun May 13 07:51:23 UTC 2012 i686
libc:glibc 2.13 NPTL 2.13 
rlimit: STACK 8192k, CORE 0k, NPROC 32364, NOFILE 4096, AS infinity
load average:0.26 0.39 0.46

/proc/meminfo:
MemTotal:        4148436 kB
MemFree:          602996 kB
Buffers:          463228 kB
Cached:           878116 kB
SwapCached:            0 kB
Active:          2441424 kB
Inactive:         770356 kB
Active(anon):    1871124 kB
Inactive(anon):    16544 kB
Active(file):     570300 kB
Inactive(file):   753812 kB
Unevictable:           0 kB
Mlocked:               0 kB
HighTotal:       3282376 kB
HighFree:         501192 kB
LowTotal:         866060 kB
LowFree:          101804 kB
SwapTotal:             0 kB
SwapFree:              0 kB
Dirty:               200 kB
Writeback:             0 kB
AnonPages:       1870416 kB
Mapped:           207080 kB
Shmem:             17216 kB
Slab:             277492 kB
SReclaimable:     238064 kB
SUnreclaim:        39428 kB
KernelStack:        3224 kB
PageTables:        15444 kB
NFS_Unstable:          0 kB
Bounce:                0 kB
WritebackTmp:          0 kB
CommitLimit:     2074216 kB
Committed_AS:    4384224 kB
VmallocTotal:     122880 kB
VmallocUsed:       51156 kB
VmallocChunk:      44532 kB
HardwareCorrupted:     0 kB
AnonHugePages:         0 kB
HugePages_Total:       0
HugePages_Free:        0
HugePages_Rsvd:        0
HugePages_Surp:        0
Hugepagesize:       2048 kB
DirectMap4k:      808952 kB
DirectMap2M:      102400 kB


CPU:total 2 (2 cores per cpu, 1 threads per core) family 6 model 23 stepping 10, cmov, cx8, fxsr, mmx, sse, sse2, sse3, ssse3, sse4.1

Memory: 4k page, physical 4148436k(602996k free), swap 0k(0k free)

vm_info: OpenJDK Server VM (20.0-b12) for linux-x86 JRE (1.6.0_24-b24), built on May  1 2012 18:23:33 by "buildd" with gcc 4.7.0

time: Sat May 26 00:32:19 2012
elapsed time: 36641 seconds

