C:\USERS\USER\DOCUMENTS\INF-PRO-FHL\SRC\EPOCHANDLER\EPOCHANDLER\DEBUG\EPOCHANDLER.PCH
C:\USERS\USER\DOCUMENTS\INF-PRO-FHL\SRC\EPOCHANDLER\EPOCHANDLER\DEBUG\STDAFX.OBJ
C:\USERS\USER\DOCUMENTS\INF-PRO-FHL\SRC\EPOCHANDLER\EPOCHANDLER\DEBUG\VC110.PDB
C:\USERS\USER\DOCUMENTS\INF-PRO-FHL\SRC\EPOCHANDLER\EPOCHANDLER\DEBUG\EPOCHANDLER.OBJ
C:\USERS\USER\DOCUMENTS\INF-PRO-FHL\SRC\EPOCHANDLER\EPOCHANDLER\DEBUG\TEST.OBJ
C:\USERS\USER\DOCUMENTS\INF-PRO-FHL\SRC\EPOCHANDLER\DEBUG\EPOCHANDLER.ILK
C:\USERS\USER\DOCUMENTS\INF-PRO-FHL\SRC\EPOCHANDLER\DEBUG\EPOCHANDLER.EXE
C:\USERS\USER\DOCUMENTS\INF-PRO-FHL\SRC\EPOCHANDLER\DEBUG\EPOCHANDLER.PDB
C:\Users\user\Documents\INF-PRO-FHL\src\EpocHandler\EpocHandler\Debug\EpocHandler.obj
C:\Users\user\Documents\INF-PRO-FHL\src\EpocHandler\EpocHandler\Debug\stdafx.obj
C:\Users\user\Documents\INF-PRO-FHL\src\EpocHandler\EpocHandler\Debug\Test.obj
C:\Users\user\Documents\INF-PRO-FHL\src\EpocHandler\EpocHandler\Debug\cl.command.1.tlog
C:\Users\user\Documents\INF-PRO-FHL\src\EpocHandler\EpocHandler\Debug\CL.read.1.tlog
C:\Users\user\Documents\INF-PRO-FHL\src\EpocHandler\EpocHandler\Debug\CL.write.1.tlog
C:\Users\user\Documents\INF-PRO-FHL\src\EpocHandler\EpocHandler\Debug\link-cvtres.read.1.tlog
C:\Users\user\Documents\INF-PRO-FHL\src\EpocHandler\EpocHandler\Debug\link-cvtres.write.1.tlog
C:\Users\user\Documents\INF-PRO-FHL\src\EpocHandler\EpocHandler\Debug\link-rc.read.1.tlog
C:\Users\user\Documents\INF-PRO-FHL\src\EpocHandler\EpocHandler\Debug\link-rc.write.1.tlog
C:\Users\user\Documents\INF-PRO-FHL\src\EpocHandler\EpocHandler\Debug\link.command.1.tlog
C:\Users\user\Documents\INF-PRO-FHL\src\EpocHandler\EpocHandler\Debug\link.read.1.tlog
C:\Users\user\Documents\INF-PRO-FHL\src\EpocHandler\EpocHandler\Debug\link.write.1.tlog
C:\Users\user\Documents\INF-PRO-FHL\src\EpocHandler\EpocHandler\Debug\EpocHandler.pch
C:\Users\user\Documents\INF-PRO-FHL\src\EpocHandler\EpocHandler\Debug\vc110.idb
C:\Users\user\Documents\INF-PRO-FHL\src\EpocHandler\EpocHandler\Debug\vc110.pdb
C:\Users\user\Documents\INF-PRO-FHL\src\EpocHandler\Debug\EpocHandler.pdb
C:\Users\user\Documents\INF-PRO-FHL\src\EpocHandler\Debug\EpocHandler.exe
C:\Users\user\Documents\INF-PRO-FHL\src\EpocHandler\Debug\EpocHandler.ilk
