#
# A fatal error has been detected by the Java Runtime Environment:
#
#  EXCEPTION_ACCESS_VIOLATION (0xc0000005) at pc=0x5ecb9978, pid=7036, tid=1092
#
# JRE version: Java(TM) SE Runtime Environment (7.0_45-b18) (build 1.7.0_45-b18)
# Java VM: Java HotSpot(TM) Client VM (24.45-b08 mixed mode, sharing windows-x86 )
# Problematic frame:
# C  [XnVFeatures_1_5_2.dll+0x1f9978]
#
# Failed to write core dump. Minidumps are not enabled by default on client versions of Windows
#
# If you would like to submit a bug report, please visit:
#   http://bugreport.sun.com/bugreport/crash.jsp
# The crash happened outside the Java Virtual Machine in native code.
# See problematic frame for where to report the bug.
#

---------------  T H R E A D  ---------------

Current thread (0x04a38800):  JavaThread "Animation Thread" [_thread_in_native, id=1092, stack(0x04d00000,0x04d50000)]

siginfo: ExceptionCode=0xc0000005, reading address 0x068ca1f6

Registers:
EAX=0x0e12ec10, EBX=0x0e12ec08, ECX=0x000000cd, EDX=0x00000123
ESP=0x04d4f128, EBP=0x00008020, ESI=0x068c9fb0, EDI=0x068b9f70
EIP=0x5ecb9978, EFLAGS=0x00010202

Top of Stack: (sp=0x04d4f128)
0x04d4f128:   00000000 5ed90814 7fffffff 7fffffff
0x04d4f138:   7fffffff 0e12ec18 80000000 00000000
0x04d4f148:   0e12ec48 7fffffff 7fffffff 00000000
0x04d4f158:   00000000 00000000 80000000 5ed90814
0x04d4f168:   0bcff340 0e93e524 7fffffff 80000000
0x04d4f178:   80000000 80000000 5ed90814 7fffffff
0x04d4f188:   7fffffff 7fffffff 80000000 80000000
0x04d4f198:   80000000 5ed90814 7fffffff 7fffffff 

Instructions: (pc=0x5ecb9978)
0x5ecb9958:   f0 00 00 00 73 cc 8b ac 24 f8 00 00 00 8b 4b 04
0x5ecb9968:   8b 13 8b 75 1c 8b 6d 28 0f af e9 8b 3e 8d 34 6f
0x5ecb9978:   0f b7 3c 56 85 ff 75 32 8b 94 24 14 01 00 00 83
0x5ecb9988:   c3 08 3b 42 0c 72 9b 8b 94 24 f4 00 00 00 8b 8c 


Register to memory mapping:

EAX=0x0e12ec10 is an unknown value
EBX=0x0e12ec08 is an unknown value
ECX=0x000000cd is an unknown value
EDX=0x00000123 is an unknown value
ESP=0x04d4f128 is pointing into the stack for thread: 0x04a38800
EBP=0x00008020 is an unknown value
ESI=0x068c9fb0 is an unknown value
EDI=0x068b9f70 is an unknown value


Stack: [0x04d00000,0x04d50000],  sp=0x04d4f128,  free space=316k
Native frames: (J=compiled Java code, j=interpreted, Vv=VM code, C=native code)
C  [XnVFeatures_1_5_2.dll+0x1f9978]

[error occurred during error reporting (printing native stack), id 0xc0000005]

Java frames: (J=compiled Java code, j=interpreted, Vv=VM code)
j  SimpleOpenNI.SimpleOpenNIJNI.ContextWrapper_updateSwigExplicitContextWrapper__SWIG_0(JLSimpleOpenNI/ContextWrapper;)V+0
j  SimpleOpenNI.ContextWrapper.update()V+26
j  SimpleOpenNI.SimpleOpenNI.update()V+1
j  kinect.HAL.Kinect_HAL.update_Context()V+3
j  main.MainProgramm.draw()V+4
j  processing.core.PApplet.handleDraw()V+145
j  processing.core.PApplet.run()V+72
j  java.lang.Thread.run()V+11
v  ~StubRoutines::call_stub

---------------  P R O C E S S  ---------------

Java Threads: ( => current thread )
  0x063eac00 JavaThread "Thread-3" [_thread_in_native, id=3964, stack(0x196a0000,0x196f0000)]
  0x007dd000 JavaThread "DestroyJavaVM" [_thread_blocked, id=148, stack(0x00e40000,0x00e90000)]
=>0x04a38800 JavaThread "Animation Thread" [_thread_in_native, id=1092, stack(0x04d00000,0x04d50000)]
  0x04a3e800 JavaThread "Image Fetcher 0" daemon [_thread_blocked, id=3120, stack(0x05670000,0x056c0000)]
  0x04a3b800 JavaThread "AWT-EventQueue-0" [_thread_blocked, id=712, stack(0x05160000,0x051b0000)]
  0x04a64400 JavaThread "AWT-Windows" daemon [_thread_in_native, id=1264, stack(0x04da0000,0x04df0000)]
  0x04a63c00 JavaThread "AWT-Shutdown" [_thread_blocked, id=4532, stack(0x04e70000,0x04ec0000)]
  0x04a2bc00 JavaThread "Java2D Disposer" daemon [_thread_blocked, id=7108, stack(0x04c90000,0x04ce0000)]
  0x00cab000 JavaThread "Service Thread" daemon [_thread_blocked, id=4676, stack(0x04870000,0x048c0000)]
  0x00c9e800 JavaThread "C1 CompilerThread0" daemon [_thread_blocked, id=3624, stack(0x04940000,0x04990000)]
  0x00c9d400 JavaThread "Attach Listener" daemon [_thread_blocked, id=636, stack(0x01140000,0x01190000)]
  0x00c32c00 JavaThread "Signal Dispatcher" daemon [_thread_blocked, id=6532, stack(0x04770000,0x047c0000)]
  0x00c2a000 JavaThread "Finalizer" daemon [_thread_blocked, id=7008, stack(0x046d0000,0x04720000)]
  0x00c28800 JavaThread "Reference Handler" daemon [_thread_blocked, id=6644, stack(0x04660000,0x046b0000)]

Other Threads:
  0x00c27400 VMThread [stack: 0x01090000,0x010e0000] [id=4156]
  0x00cb4800 WatcherThread [stack: 0x048d0000,0x04920000] [id=3680]

VM state:not at safepoint (normal execution)

VM Mutex/Monitor currently owned by a thread: None

Heap
 def new generation   total 23680K, used 6539K [0x24320000, 0x25cd0000, 0x29870000)
  eden space 21056K,  31% used [0x24320000, 0x24982c70, 0x257b0000)
  from space 2624K,   0% used [0x257b0000, 0x257b0000, 0x25a40000)
  to   space 2624K,   0% used [0x25a40000, 0x25a40000, 0x25cd0000)
 tenured generation   total 52536K, used 31520K [0x29870000, 0x2cbbe000, 0x34320000)
   the space 52536K,  59% used [0x29870000, 0x2b738000, 0x2b738000, 0x2cbbe000)
 compacting perm gen  total 12288K, used 3650K [0x34320000, 0x34f20000, 0x38320000)
   the space 12288K,  29% used [0x34320000, 0x346b0a68, 0x346b0c00, 0x34f20000)
    ro space 10240K,  41% used [0x38320000, 0x38751a78, 0x38751c00, 0x38d20000)
    rw space 12288K,  52% used [0x38d20000, 0x393662c0, 0x39366400, 0x39920000)

Card table byte_map: [0x00cd0000,0x00d80000] byte_map_base: 0x00bae700

Polling page: 0x00340000

Code Cache  [0x02640000, 0x02728000, 0x04640000)
 total_blobs=569 nmethods=158 adapters=348 free_code_cache=31867Kb largest_free_block=32632640

Compilation events (10 events):
Event: 1.376 Thread 0x00c9e800  154             java.awt.image.DirectColorModel::getBlue (45 bytes)
Event: 1.377 Thread 0x00c9e800 nmethod 154 0x0271c248 code [0x0271c3a0, 0x0271c55c]
Event: 1.377 Thread 0x00c9e800  155             java.awt.image.PixelGrabber::setPixels (396 bytes)
Event: 1.377 Thread 0x00c9e800 nmethod 155 0x0271c6c8 code [0x0271c830, 0x0271ce7c]
Event: 1.385 Thread 0x00c9e800  156   !         sun.awt.image.ImageDecoder::nextConsumer (69 bytes)
Event: 1.385 Thread 0x00c9e800 nmethod 156 0x0271d2c8 code [0x0271d3d0, 0x0271d6b0]
Event: 1.386 Thread 0x00c9e800  157             sun.awt.image.ImageDecoder::setPixels (58 bytes)
Event: 1.386 Thread 0x00c9e800 nmethod 157 0x0271d808 code [0x0271d930, 0x0271dc34]
Event: 1.393 Thread 0x00c9e800  158   !         java.net.URL::<init> (543 bytes)
Event: 1.395 Thread 0x00c9e800 nmethod 158 0x0271de88 code [0x0271e1a0, 0x0271f044]

GC Heap History (10 events):
Event: 0.450 GC heap before
{Heap before GC invocations=2 (full 0):
 def new generation   total 4928K, used 4341K [0x24320000, 0x24870000, 0x29870000)
  eden space 4416K,  86% used [0x24320000, 0x246dd660, 0x24770000)
  from space 512K, 100% used [0x24770000, 0x247f0000, 0x247f0000)
  to   space 512K,   0% used [0x247f0000, 0x247f0000, 0x24870000)
 tenured generation   total 10944K, used 1766K [0x29870000, 0x2a320000, 0x34320000)
   the space 10944K,  16% used [0x29870000, 0x29a298d8, 0x29a29a00, 0x2a320000)
 compacting perm gen  total 12288K, used 3006K [0x34320000, 0x34f20000, 0x38320000)
   the space 12288K,  24% used [0x34320000, 0x3460f870, 0x3460fa00, 0x34f20000)
    ro space 10240K,  41% used [0x38320000, 0x38751a78, 0x38751c00, 0x38d20000)
    rw space 12288K,  52% used [0x38d20000, 0x393662c0, 0x39366400, 0x39920000)
Event: 0.455 GC heap after
Heap after GC invocations=3 (full 0):
 def new generation   total 4928K, used 2K [0x24320000, 0x24870000, 0x29870000)
  eden space 4416K,   0% used [0x24320000, 0x24320000, 0x24770000)
  from space 512K,   0% used [0x247f0000, 0x247f0bc0, 0x24870000)
  to   space 512K,   0% used [0x24770000, 0x24770000, 0x247f0000)
 tenured generation   total 10944K, used 5874K [0x29870000, 0x2a320000, 0x34320000)
   the space 10944K,  53% used [0x29870000, 0x29e2c958, 0x29e2ca00, 0x2a320000)
 compacting perm gen  total 12288K, used 3006K [0x34320000, 0x34f20000, 0x38320000)
   the space 12288K,  24% used [0x34320000, 0x3460f870, 0x3460fa00, 0x34f20000)
    ro space 10240K,  41% used [0x38320000, 0x38751a78, 0x38751c00, 0x38d20000)
    rw space 12288K,  52% used [0x38d20000, 0x393662c0, 0x39366400, 0x39920000)
}
Event: 0.483 GC heap before
{Heap before GC invocations=3 (full 0):
 def new generation   total 4928K, used 4418K [0x24320000, 0x24870000, 0x29870000)
  eden space 4416K, 100% used [0x24320000, 0x24770000, 0x24770000)
  from space 512K,   0% used [0x247f0000, 0x247f0bc0, 0x24870000)
  to   space 512K,   0% used [0x24770000, 0x24770000, 0x247f0000)
 tenured generation   total 10944K, used 5874K [0x29870000, 0x2a320000, 0x34320000)
   the space 10944K,  53% used [0x29870000, 0x29e2c958, 0x29e2ca00, 0x2a320000)
 compacting perm gen  total 12288K, used 3006K [0x34320000, 0x34f20000, 0x38320000)
   the space 12288K,  24% used [0x34320000, 0x3460f960, 0x3460fa00, 0x34f20000)
    ro space 10240K,  41% used [0x38320000, 0x38751a78, 0x38751c00, 0x38d20000)
    rw space 12288K,  52% used [0x38d20000, 0x393662c0, 0x39366400, 0x39920000)
Event: 0.492 GC heap after
Heap after GC invocations=4 (full 0):
 def new generation   total 4928K, used 512K [0x24320000, 0x24870000, 0x29870000)
  eden space 4416K,   0% used [0x24320000, 0x24320000, 0x24770000)
  from space 512K, 100% used [0x24770000, 0x247f0000, 0x247f0000)
  to   space 512K,   0% used [0x247f0000, 0x247f0000, 0x24870000)
 tenured generation   total 10944K, used 9775K [0x29870000, 0x2a320000, 0x34320000)
   the space 10944K,  89% used [0x29870000, 0x2a1fbf70, 0x2a1fc000, 0x2a320000)
 compacting perm gen  total 12288K, used 3006K [0x34320000, 0x34f20000, 0x38320000)
   the space 12288K,  24% used [0x34320000, 0x3460f960, 0x3460fa00, 0x34f20000)
    ro space 10240K,  41% used [0x38320000, 0x38751a78, 0x38751c00, 0x38d20000)
    rw space 12288K,  52% used [0x38d20000, 0x393662c0, 0x39366400, 0x39920000)
}
Event: 0.510 GC heap before
{Heap before GC invocations=4 (full 0):
 def new generation   total 4928K, used 4928K [0x24320000, 0x24870000, 0x29870000)
  eden space 4416K, 100% used [0x24320000, 0x24770000, 0x24770000)
  from space 512K, 100% used [0x24770000, 0x247f0000, 0x247f0000)
  to   space 512K,   0% used [0x247f0000, 0x247f0000, 0x24870000)
 tenured generation   total 10944K, used 9775K [0x29870000, 0x2a320000, 0x34320000)
   the space 10944K,  89% used [0x29870000, 0x2a1fbf70, 0x2a1fc000, 0x2a320000)
 compacting perm gen  total 12288K, used 3006K [0x34320000, 0x34f20000, 0x38320000)
   the space 12288K,  24% used [0x34320000, 0x3460f960, 0x3460fa00, 0x34f20000)
    ro space 10240K,  41% used [0x38320000, 0x38751a78, 0x38751c00, 0x38d20000)
    rw space 12288K,  52% used [0x38d20000, 0x393662c0, 0x39366400, 0x39920000)
Event: 0.556 GC heap after
Heap after GC invocations=5 (full 1):
 def new generation   total 10816K, used 430K [0x24320000, 0x24ed0000, 0x29870000)
  eden space 9664K,   4% used [0x24320000, 0x2438b940, 0x24c90000)
  from space 1152K,   0% used [0x24c90000, 0x24c90000, 0x24db0000)
  to   space 1152K,   0% used [0x24db0000, 0x24db0000, 0x24ed0000)
 tenured generation   total 23788K, used 14272K [0x29870000, 0x2afab000, 0x34320000)
   the space 23788K,  59% used [0x29870000, 0x2a660000, 0x2a660000, 0x2afab000)
 compacting perm gen  total 12288K, used 3006K [0x34320000, 0x34f20000, 0x38320000)
   the space 12288K,  24% used [0x34320000, 0x3460f960, 0x3460fa00, 0x34f20000)
    ro space 10240K,  41% used [0x38320000, 0x38751a78, 0x38751c00, 0x38d20000)
    rw space 12288K,  52% used [0x38d20000, 0x393662c0, 0x39366400, 0x39920000)
}
Event: 0.608 GC heap before
{Heap before GC invocations=5 (full 1):
 def new generation   total 10816K, used 9664K [0x24320000, 0x24ed0000, 0x29870000)
  eden space 9664K, 100% used [0x24320000, 0x24c90000, 0x24c90000)
  from space 1152K,   0% used [0x24c90000, 0x24c90000, 0x24db0000)
  to   space 1152K,   0% used [0x24db0000, 0x24db0000, 0x24ed0000)
 tenured generation   total 23788K, used 14272K [0x29870000, 0x2afab000, 0x34320000)
   the space 23788K,  59% used [0x29870000, 0x2a660000, 0x2a660000, 0x2afab000)
 compacting perm gen  total 12288K, used 3006K [0x34320000, 0x34f20000, 0x38320000)
   the space 12288K,  24% used [0x34320000, 0x3460f960, 0x3460fa00, 0x34f20000)
    ro space 10240K,  41% used [0x38320000, 0x38751a78, 0x38751c00, 0x38d20000)
    rw space 12288K,  52% used [0x38d20000, 0x393662c0, 0x39366400, 0x39920000)
Event: 0.640 GC heap after
Heap after GC invocations=6 (full 1):
 def new generation   total 10816K, used 1152K [0x24320000, 0x24ed0000, 0x29870000)
  eden space 9664K,   0% used [0x24320000, 0x24320000, 0x24c90000)
  from space 1152K, 100% used [0x24db0000, 0x24ed0000, 0x24ed0000)
  to   space 1152K,   0% used [0x24c90000, 0x24c90000, 0x24db0000)
 tenured generation   total 23788K, used 22652K [0x29870000, 0x2afab000, 0x34320000)
   the space 23788K,  95% used [0x29870000, 0x2ae8f3b8, 0x2ae8f400, 0x2afab000)
 compacting perm gen  total 12288K, used 3006K [0x34320000, 0x34f20000, 0x38320000)
   the space 12288K,  24% used [0x34320000, 0x3460f960, 0x3460fa00, 0x34f20000)
    ro space 10240K,  41% used [0x38320000, 0x38751a78, 0x38751c00, 0x38d20000)
    rw space 12288K,  52% used [0x38d20000, 0x393662c0, 0x39366400, 0x39920000)
}
Event: 1.232 GC heap before
{Heap before GC invocations=6 (full 1):
 def new generation   total 10816K, used 10816K [0x24320000, 0x24ed0000, 0x29870000)
  eden space 9664K, 100% used [0x24320000, 0x24c90000, 0x24c90000)
  from space 1152K, 100% used [0x24db0000, 0x24ed0000, 0x24ed0000)
  to   space 1152K,   0% used [0x24c90000, 0x24c90000, 0x24db0000)
 tenured generation   total 23788K, used 22652K [0x29870000, 0x2afab000, 0x34320000)
   the space 23788K,  95% used [0x29870000, 0x2ae8f3b8, 0x2ae8f400, 0x2afab000)
 compacting perm gen  total 12288K, used 3391K [0x34320000, 0x34f20000, 0x38320000)
   the space 12288K,  27% used [0x34320000, 0x3466fe78, 0x34670000, 0x34f20000)
    ro space 10240K,  41% used [0x38320000, 0x38751a78, 0x38751c00, 0x38d20000)
    rw space 12288K,  52% used [0x38d20000, 0x393662c0, 0x39366400, 0x39920000)
Event: 1.319 GC heap after
Heap after GC invocations=7 (full 2):
 def new generation   total 23680K, used 1088K [0x24320000, 0x25cd0000, 0x29870000)
  eden space 21056K,   5% used [0x24320000, 0x24430208, 0x257b0000)
  from space 2624K,   0% used [0x257b0000, 0x257b0000, 0x25a40000)
  to   space 2624K,   0% used [0x25a40000, 0x25a40000, 0x25cd0000)
 tenured generation   total 52536K, used 31520K [0x29870000, 0x2cbbe000, 0x34320000)
   the space 52536K,  59% used [0x29870000, 0x2b738000, 0x2b738000, 0x2cbbe000)
 compacting perm gen  total 12288K, used 3391K [0x34320000, 0x34f20000, 0x38320000)
   the space 12288K,  27% used [0x34320000, 0x3466fe78, 0x34670000, 0x34f20000)
    ro space 10240K,  41% used [0x38320000, 0x38751a78, 0x38751c00, 0x38d20000)
    rw space 12288K,  52% used [0x38d20000, 0x393662c0, 0x39366400, 0x39920000)
}

Deoptimization events (0 events):
No events

Internal exceptions (10 events):
Event: 1.355 Thread 0x04a38800 Threw 0x2451e520 at C:\re\jdk7u45\229\hotspot\src\share\vm\prims\jvm.cpp:1244
Event: 1.358 Thread 0x04a38800 Threw 0x24520250 at C:\re\jdk7u45\229\hotspot\src\share\vm\prims\jvm.cpp:1244
Event: 1.358 Thread 0x04a38800 Threw 0x24521a60 at C:\re\jdk7u45\229\hotspot\src\share\vm\prims\jvm.cpp:1244
Event: 1.359 Thread 0x04a38800 Threw 0x24526038 at C:\re\jdk7u45\229\hotspot\src\share\vm\prims\jvm.cpp:1244
Event: 1.359 Thread 0x04a38800 Threw 0x24527df8 at C:\re\jdk7u45\229\hotspot\src\share\vm\prims\jvm.cpp:1244
Event: 1.360 Thread 0x04a38800 Threw 0x2452cb08 at C:\re\jdk7u45\229\hotspot\src\share\vm\prims\jvm.cpp:1244
Event: 1.363 Thread 0x04a38800 Threw 0x24533d08 at C:\re\jdk7u45\229\hotspot\src\share\vm\prims\jni.cpp:717
Event: 1.393 Thread 0x04a38800 Threw 0x24556560 at C:\re\jdk7u45\229\hotspot\src\share\vm\prims\jvm.cpp:1244
Event: 1.393 Thread 0x04a38800 Threw 0x24557d08 at C:\re\jdk7u45\229\hotspot\src\share\vm\prims\jvm.cpp:1244
Event: 1.395 Thread 0x063eac00 Threw 0x24937938 at C:\re\jdk7u45\229\hotspot\src\share\vm\prims\jvm.cpp:1244

Events (10 events):
Event: 1.427 loading class 0x39947e28
Event: 1.427 loading class 0x39947e28 done
Event: 1.427 loading class 0x39a5bcb0
Event: 1.427 loading class 0x39a5bcb0 done
Event: 1.427 loading class 0x399db408
Event: 1.428 loading class 0x399db408 done
Event: 1.428 loading class 0x049d8e58
Event: 1.428 loading class 0x3998b2a8
Event: 1.428 loading class 0x3998b2a8 done
Event: 1.428 loading class 0x049d8e58 done


Dynamic libraries:
0x01210000 - 0x0123f000 	C:\Windows\SysWOW64\javaw.exe
0x77260000 - 0x773e0000 	C:\Windows\SysWOW64\ntdll.dll
0x75700000 - 0x75810000 	C:\Windows\syswow64\kernel32.dll
0x75340000 - 0x75387000 	C:\Windows\syswow64\KERNELBASE.dll
0x76d00000 - 0x76da0000 	C:\Windows\syswow64\ADVAPI32.dll
0x76db0000 - 0x76e5c000 	C:\Windows\syswow64\msvcrt.dll
0x74e30000 - 0x74e49000 	C:\Windows\SysWOW64\sechost.dll
0x76570000 - 0x76660000 	C:\Windows\syswow64\RPCRT4.dll
0x74cc0000 - 0x74d20000 	C:\Windows\syswow64\SspiCli.dll
0x74cb0000 - 0x74cbc000 	C:\Windows\syswow64\CRYPTBASE.dll
0x74d30000 - 0x74e30000 	C:\Windows\syswow64\USER32.dll
0x74e60000 - 0x74ef0000 	C:\Windows\syswow64\GDI32.dll
0x75850000 - 0x7585a000 	C:\Windows\syswow64\LPK.dll
0x75100000 - 0x7519d000 	C:\Windows\syswow64\USP10.dll
0x746f0000 - 0x7488e000 	C:\Windows\WinSxS\x86_microsoft.windows.common-controls_6595b64144ccf1df_6.0.7601.17514_none_41e6975e2bd6f2b2\COMCTL32.dll
0x74f00000 - 0x74f57000 	C:\Windows\syswow64\SHLWAPI.dll
0x752e0000 - 0x75340000 	C:\Windows\system32\IMM32.DLL
0x76a30000 - 0x76afc000 	C:\Windows\syswow64\MSCTF.dll
0x748e0000 - 0x74913000 	C:\Windows\SysWOW64\nvinit.dll
0x6be20000 - 0x6bedf000 	C:\Program Files (x86)\Java\jre7\bin\msvcr100.dll
0x5dc80000 - 0x5e000000 	C:\Program Files (x86)\Java\jre7\bin\client\jvm.dll
0x6fc00000 - 0x6fc07000 	C:\Windows\SysWOW64\WSOCK32.dll
0x75810000 - 0x75845000 	C:\Windows\syswow64\WS2_32.dll
0x75610000 - 0x75616000 	C:\Windows\syswow64\NSI.dll
0x72800000 - 0x72832000 	C:\Windows\SysWOW64\WINMM.dll
0x751a0000 - 0x751a5000 	C:\Windows\syswow64\PSAPI.DLL
0x733c0000 - 0x733cc000 	C:\Program Files (x86)\Java\jre7\bin\verify.dll
0x733a0000 - 0x733c0000 	C:\Program Files (x86)\Java\jre7\bin\java.dll
0x732f0000 - 0x73303000 	C:\Program Files (x86)\Java\jre7\bin\zip.dll
0x60410000 - 0x60553000 	C:\Program Files (x86)\Java\jre7\bin\awt.dll
0x75620000 - 0x756af000 	C:\Windows\syswow64\OLEAUT32.dll
0x754b0000 - 0x7560c000 	C:\Windows\syswow64\ole32.dll
0x71eb0000 - 0x71f30000 	C:\Windows\system32\uxtheme.dll
0x6fbe0000 - 0x6fbf3000 	C:\Windows\SysWOW64\dwmapi.dll
0x732b0000 - 0x732e8000 	C:\Program Files (x86)\Java\jre7\bin\fontmanager.dll
0x10000000 - 0x1004d000 	D:\Cloud\Mediencenter\Etude\presentaion\Apllication\jogl.dll
0x686e0000 - 0x687a8000 	C:\Windows\SysWOW64\OPENGL32.dll
0x722a0000 - 0x722c2000 	C:\Windows\SysWOW64\GLU32.dll
0x685f0000 - 0x686d7000 	C:\Windows\SysWOW64\DDRAW.dll
0x72290000 - 0x72296000 	C:\Windows\SysWOW64\DCIMAN32.dll
0x76890000 - 0x76a2d000 	C:\Windows\syswow64\SETUPAPI.dll
0x75210000 - 0x75237000 	C:\Windows\syswow64\CFGMGR32.dll
0x76550000 - 0x76562000 	C:\Windows\syswow64\DEVOBJ.dll
0x732a0000 - 0x732a6000 	C:\Program Files (x86)\Java\jre7\bin\jawt.dll
0x007c0000 - 0x007c5000 	D:\Cloud\Mediencenter\Etude\presentaion\Apllication\jogl_awt.dll
0x06d60000 - 0x07a3b000 	C:\Windows\SysWOW64\ig4icd32.dll
0x73280000 - 0x73294000 	C:\Program Files (x86)\Java\jre7\bin\net.dll
0x72e50000 - 0x72e8c000 	C:\Windows\system32\mswsock.dll
0x725f0000 - 0x725f6000 	C:\Windows\System32\wship6.dll
0x72e30000 - 0x72e35000 	C:\Windows\System32\wshtcpip.dll
0x72b60000 - 0x72ba4000 	C:\Windows\SysWOW64\DNSAPI.dll
0x72b20000 - 0x72b47000 	C:\Program Files (x86)\Common Files\Microsoft Shared\Windows Live\WLIDNSP.DLL
0x72fe0000 - 0x72ffc000 	C:\Windows\SysWOW64\IPHLPAPI.DLL
0x72fd0000 - 0x72fd7000 	C:\Windows\SysWOW64\WINNSI.DLL
0x72ab0000 - 0x72ab6000 	C:\Windows\SysWOW64\rasadhlp.dll
0x72ae0000 - 0x72b18000 	C:\Windows\System32\fwpuclnt.dll
0x731e0000 - 0x7324a000 	D:\Cloud\Mediencenter\Etude\presentaion\Apllication\SimpleOpenNI32.dll
0x73070000 - 0x730c1000 	C:\Program Files (x86)\OpenNI\Bin\OpenNI.dll
0x75870000 - 0x764ba000 	C:\Windows\syswow64\SHELL32.dll
0x68eb0000 - 0x68f81000 	C:\Program Files (x86)\PrimeSense\NITE\bin\XnVNITE_1_5_2.dll
0x74920000 - 0x749c3000 	C:\Windows\WinSxS\x86_microsoft.vc90.crt_1fc8b3b9a1e18e3b_9.0.30729.6161_none_50934f2ebcb7eb57\MSVCR90.dll
0x749d0000 - 0x74a5e000 	C:\Windows\WinSxS\x86_microsoft.vc90.crt_1fc8b3b9a1e18e3b_9.0.30729.6161_none_50934f2ebcb7eb57\MSVCP90.dll
0x73250000 - 0x73268000 	C:\Program Files (x86)\OpenNI\bin\nimRecorder.dll
0x73170000 - 0x7318a000 	C:\Program Files (x86)\OpenNI\bin\nimMockNodes.dll
0x730e0000 - 0x73129000 	C:\Program Files (x86)\OpenNI\bin\nimCodecs.dll
0x73150000 - 0x73170000 	C:\Program Files (x86)\PrimeSense\SensorKinect\Bin\XnDeviceFile.dll
0x73000000 - 0x7300b000 	C:\Program Files (x86)\PrimeSense\SensorKinect\Bin\XnCore.dll
0x6ef80000 - 0x6efb8000 	C:\Program Files (x86)\PrimeSense\SensorKinect\Bin\XnDDK.dll
0x6f020000 - 0x6f064000 	C:\Program Files (x86)\PrimeSense\SensorKinect\Bin\XnFormats.dll
0x6bd40000 - 0x6bd8f000 	C:\Program Files (x86)\PrimeSense\SensorKinect\Bin\XnDeviceSensorV2KM.dll
0x5f240000 - 0x5f4d8000 	C:\Program Files (x86)\PrimeSense\NITE\Features_1_3_0\Bin\XnVFeatures_1_3_0.dll
0x5eff0000 - 0x5f23f000 	C:\Program Files (x86)\PrimeSense\NITE\Features_1_3_1\Bin\XnVFeatures_1_3_1.dll
0x60b30000 - 0x60d49000 	C:\Program Files (x86)\PrimeSense\NITE\Features_1_4_1\Bin\XnVFeatures_1_4_1.dll
0x5edd0000 - 0x5efe6000 	C:\Program Files (x86)\PrimeSense\NITE\Features_1_4_2\Bin\XnVFeatures_1_4_2.dll
0x5eac0000 - 0x5edc7000 	C:\Program Files (x86)\PrimeSense\NITE\Features_1_5_2\Bin\XnVFeatures_1_5_2.dll
0x68d60000 - 0x68e37000 	C:\Program Files (x86)\PrimeSense\NITE\Hands_1_3_0\Bin\XnVHandGenerator_1_3_0.dll
0x60100000 - 0x601dc000 	C:\Program Files (x86)\PrimeSense\NITE\Hands_1_3_1\Bin\XnVHandGenerator_1_3_1.dll
0x5e9e0000 - 0x5eabd000 	C:\Program Files (x86)\PrimeSense\NITE\Hands_1_4_1\Bin\XnVHandGenerator_1_4_1.dll
0x5e900000 - 0x5e9dd000 	C:\Program Files (x86)\PrimeSense\NITE\Hands_1_4_2\Bin\XnVHandGenerator_1_4_2.dll
0x5e000000 - 0x5e0ec000 	C:\Program Files (x86)\PrimeSense\NITE\Hands_1_5_2\Bin\XnVHandGenerator_1_5_2.dll
0x76660000 - 0x7668d000 	C:\Windows\syswow64\WINTRUST.dll
0x74fe0000 - 0x750fe000 	C:\Windows\syswow64\CRYPT32.dll
0x74e50000 - 0x74e5c000 	C:\Windows\syswow64\MSASN1.dll
0x6e150000 - 0x6e175000 	C:\Program Files (x86)\Java\jre7\bin\jpeg.dll
0x72ee0000 - 0x72fcb000 	C:\Windows\SysWOW64\dbghelp.dll

VM Arguments:
java_command: main.MainProgramm
Launcher Type: SUN_STANDARD

Environment Variables:
CLASSPATH=D:\Cloud\Mediencenter\Etude\presentaion\Apllication\lib\MainProgramm.jar;D:\Cloud\Mediencenter\Etude\presentaion\Apllication\lib\controlP5.jar;D:\Cloud\Mediencenter\Etude\presentaion\Apllication\lib\jason.jar;D:\Cloud\Mediencenter\Etude\presentaion\Apllication\lib\gluegen-rt.jar;D:\Cloud\Mediencenter\Etude\presentaion\Apllication\lib\jogl.jar;D:\Cloud\Mediencenter\Etude\presentaion\Apllication\lib\opengl.jar;D:\Cloud\Mediencenter\Etude\presentaion\Apllication\lib\SimpleOpenNI.jar;D:\Cloud\Mediencenter\Etude\presentaion\Apllication\lib\ant-launcher.jar;D:\Cloud\Mediencenter\Etude\presentaion\Apllication\lib\ant.jar;D:\Cloud\Mediencenter\Etude\presentaion\Apllication\lib\core.jar;D:\Cloud\Mediencenter\Etude\presentaion\Apllication\lib\javaosc.jar
PATH=C:\Program Files (x86)\NVIDIA Corporation\PhysX\Common;C:\Program Files\Common Files\Microsoft Shared\Windows Live;C:\Program Files (x86)\Common Files\Microsoft Shared\Windows Live;C:\Windows\system32;C:\Windows;C:\Windows\System32\Wbem;C:\Windows\System32\WindowsPowerShell\v1.0;C:\Program Files (x86)\Windows Live\Shared;C:\Program Files (x86)\Acer Bio Protection\x64;C:\Program Files (x86)\Acer Bio Protection;C:\Program Files (x86)\Common Files\Acronis\SnapAPI;C:\Program Files (x86)\Microsoft SQL Server\90\Tools\binn;C:\Program Files (x86)\Calibre2;C:\Program Files\MATLAB\R2013a\runtime\win64;C:\Program Files\MATLAB\R2013a\bin;C:\Program Files\Microsoft SQL Server\110\Tools\Binn;C:\Program Files (x86)\MiKTeX 2.9\miktex\bin;C:\Program Files\Microsoft Windows Performance Toolkit;C:\Program Files (x86)\PrimeSense\NITE\bin;C:\Program Files\Microsoft\Web Platform Installer;C:\Program Files (x86)\Microsoft ASP.NET\ASP.NET Web Pages\v1.0;C:\Program Files (x86)\Windows Kits\8.1\Windows Performance Toolkit;C:\Program Files (x86)\OpenNI\Bin;C:\MinGW\bin;C:\Users\kemel\AppData\Roaming\MiKTeX\2.9\miktex\bin
USERNAME=kemel
OS=Windows_NT
PROCESSOR_IDENTIFIER=Intel64 Family 6 Model 42 Stepping 7, GenuineIntel



---------------  S Y S T E M  ---------------

OS: Windows 7 , 64 bit Build 7601 Service Pack 1

CPU:total 8 (4 cores per cpu, 2 threads per core) family 6 model 42 stepping 7, cmov, cx8, fxsr, mmx, sse, sse2, sse3, ssse3, sse4.1, sse4.2, popcnt, avx, aes, ht, tsc, tscinvbit

Memory: 4k page, physical 16625520k(13603140k free), swap 33249180k(30038984k free)

vm_info: Java HotSpot(TM) Client VM (24.45-b08) for windows-x86 JRE (1.7.0_45-b18), built on Oct  8 2013 06:02:43 by "java_re" with unknown MS VC++:1600

time: Mon Jan 13 10:44:52 2014
elapsed time: 1 seconds

